<?xml version="1.0" encoding="UTF-8"?>
<!-- Generated by org.testng.reporters.JUnitReportReporter -->
<testsuite skipped="0" hostname="sathya" name="Testngpack.Testngclass" tests="1" failures="0" timestamp="12 Jul 2018 06:02:27 GMT" time="6.896" errors="0">
  <testcase name="verifyHomepageTitle" time="6.896" classname="Testngpack.Testngclass"/>
</testsuite> <!-- Testngpack.Testngclass -->
